{
  "RSpec": {
    "coverage": {
      "/Users/akusilvennoinen/Documents/Github_repositories/ratebeer/app/models/user.rb": [
        1,
        1,
        1,
        1,
        1,
        1,
        1,
        1,
        1,
        1,
        1,
        null,
        1,
        3,
        2,
        null,
        null,
        1,
        4,
        3,
        null,
        null,
        1,
        23,
        16,
        null,
        null,
        1,
        23,
        16,
        null,
        null,
        1,
        32,
        32,
        null,
        null,
        1,
        32,
        32,
        32,
        96,
        54,
        54,
        null,
        null,
        32,
        null,
        null,
        1,
        166,
        null,
        null,
        1,
        32,
        262,
        32,
        null,
        null,
        null
      ],
      "/Users/akusilvennoinen/Documents/Github_repositories/ratebeer/lib/rating_average.rb": [
        1,
        1,
        26,
        69,
        null,
        null
      ],
      "/Users/akusilvennoinen/Documents/Github_repositories/ratebeer/app/models/rating.rb": [
        1,
        1,
        1,
        null,
        1,
        null,
        null,
        null,
        3,
        null,
        1,
        22,
        null,
        null
      ],
      "/Users/akusilvennoinen/Documents/Github_repositories/ratebeer/app/models/brewery.rb": [
        1,
        1,
        1,
        1,
        null,
        1,
        1,
        null,
        1,
        null,
        4,
        4,
        null,
        1,
        5,
        2,
        null,
        null,
        1,
        65,
        0,
        null,
        null,
        null,
        1,
        0,
        0,
        null,
        null,
        1,
        0,
        0,
        0,
        null,
        null
      ],
      "/Users/akusilvennoinen/Documents/Github_repositories/ratebeer/app/models/beer.rb": [
        1,
        1,
        1,
        1,
        1,
        1,
        1,
        1,
        null,
        1,
        5,
        2,
        null,
        null,
        1,
        2,
        null,
        null
      ],
      "/Users/akusilvennoinen/Documents/Github_repositories/ratebeer/app/models/style.rb": [
        1,
        1,
        1,
        1,
        null,
        1,
        5,
        2,
        null,
        null
      ],
      "/Users/akusilvennoinen/Documents/Github_repositories/ratebeer/app/helpers/application_helper.rb": [
        1,
        1,
        9,
        8,
        8,
        null,
        8,
        8,
        null,
        0,
        null,
        null,
        null,
        null,
        1,
        8,
        8,
        null,
        0,
        null,
        8,
        null,
        null,
        1,
        15,
        null,
        null
      ],
      "/Users/akusilvennoinen/Documents/Github_repositories/ratebeer/app/helpers/beer_clubs_helper.rb": [
        1,
        null
      ],
      "/Users/akusilvennoinen/Documents/Github_repositories/ratebeer/app/helpers/beers_helper.rb": [
        1,
        null
      ],
      "/Users/akusilvennoinen/Documents/Github_repositories/ratebeer/app/helpers/breweries_helper.rb": [
        1,
        null
      ],
      "/Users/akusilvennoinen/Documents/Github_repositories/ratebeer/app/helpers/memberships_helper.rb": [
        1,
        null
      ],
      "/Users/akusilvennoinen/Documents/Github_repositories/ratebeer/app/helpers/styles_helper.rb": [
        1,
        null
      ],
      "/Users/akusilvennoinen/Documents/Github_repositories/ratebeer/app/helpers/users_helper.rb": [
        1,
        null
      ],
      "/Users/akusilvennoinen/Documents/Github_repositories/ratebeer/app/controllers/styles_controller.rb": [
        1,
        1,
        1,
        1,
        null,
        null,
        null,
        1,
        1,
        null,
        null,
        null,
        null,
        1,
        null,
        null,
        null,
        1,
        0,
        null,
        null,
        null,
        1,
        null,
        null,
        null,
        null,
        1,
        0,
        null,
        0,
        0,
        0,
        0,
        null,
        0,
        0,
        null,
        null,
        null,
        null,
        null,
        null,
        1,
        0,
        0,
        0,
        0,
        null,
        0,
        0,
        null,
        null,
        null,
        null,
        null,
        null,
        1,
        0,
        0,
        0,
        0,
        null,
        null,
        null,
        1,
        null,
        1,
        0,
        null,
        null,
        null,
        1,
        0,
        null,
        null
      ],
      "/Users/akusilvennoinen/Documents/Github_repositories/ratebeer/app/controllers/application_controller.rb": [
        null,
        1,
        null,
        null,
        1,
        null,
        null,
        1,
        null,
        1,
        171,
        110,
        null,
        null,
        1,
        7,
        null,
        null,
        1,
        0,
        null,
        null
      ],
      "/Users/akusilvennoinen/Documents/Github_repositories/ratebeer/app/controllers/beers_controller.rb": [
        1,
        1,
        1,
        1,
        1,
        1,
        null,
        null,
        null,
        null,
        1,
        null,
        null,
        1,
        null,
        null,
        1,
        8,
        8,
        null,
        null,
        1,
        8,
        null,
        8,
        null,
        8,
        21,
        0,
        0,
        null,
        null,
        null,
        null,
        null,
        1,
        0,
        0,
        null,
        null,
        null,
        1,
        2,
        null,
        null,
        null,
        1,
        null,
        null,
        null,
        null,
        1,
        8,
        2,
        2,
        2,
        2,
        1,
        null,
        1,
        2,
        1,
        null,
        null,
        null,
        null,
        null,
        null,
        1,
        0,
        0,
        0,
        0,
        0,
        null,
        0,
        0,
        null,
        null,
        null,
        null,
        null,
        null,
        1,
        0,
        0,
        0,
        0,
        0,
        null,
        null,
        null,
        1,
        null,
        1,
        0,
        null,
        null,
        1,
        3,
        3,
        null,
        null,
        null,
        1,
        2,
        null,
        null
      ],
      "/Users/akusilvennoinen/Documents/Github_repositories/ratebeer/app/controllers/sessions_controller.rb": [
        null,
        1,
        null,
        1,
        null,
        null,
        1,
        null,
        null,
        null,
        1,
        null,
        6,
        6,
        0,
        null,
        6,
        0,
        6,
        5,
        5,
        null,
        1,
        null,
        null,
        null,
        null,
        1,
        null,
        0,
        null,
        0,
        null,
        null
      ],
      "/Users/akusilvennoinen/Documents/Github_repositories/ratebeer/app/controllers/users_controller.rb": [
        1,
        1,
        1,
        null,
        null,
        null,
        1,
        4,
        null,
        null,
        null,
        null,
        1,
        null,
        null,
        null,
        1,
        1,
        null,
        null,
        null,
        1,
        null,
        null,
        null,
        null,
        1,
        1,
        null,
        1,
        1,
        2,
        1,
        null,
        0,
        0,
        null,
        null,
        null,
        null,
        null,
        null,
        1,
        0,
        0,
        0,
        0,
        0,
        null,
        0,
        0,
        null,
        null,
        null,
        null,
        null,
        null,
        null,
        1,
        0,
        0,
        0,
        0,
        0,
        0,
        null,
        null,
        null,
        null,
        1,
        0,
        0,
        null,
        0,
        null,
        0,
        null,
        null,
        1,
        null,
        1,
        12,
        null,
        null,
        null,
        1,
        1,
        null,
        null
      ],
      "/Users/akusilvennoinen/Documents/Github_repositories/ratebeer/app/models/membership.rb": [
        1,
        1,
        1,
        null
      ],
      "/Users/akusilvennoinen/Documents/Github_repositories/ratebeer/app/models/beer_club.rb": [
        1,
        1,
        1,
        null,
        1,
        0,
        null,
        null
      ],
      "/Users/akusilvennoinen/Documents/Github_repositories/ratebeer/app/controllers/breweries_controller.rb": [
        1,
        1,
        1,
        1,
        1,
        null,
        1,
        3,
        3,
        null,
        null,
        null,
        null,
        1,
        null,
        null,
        1,
        3,
        3,
        3,
        null,
        3,
        null,
        3,
        3,
        0,
        0,
        0,
        null,
        9,
        3,
        3,
        null,
        null,
        0,
        0,
        0,
        0,
        null,
        0,
        0,
        0,
        null,
        null,
        0,
        0,
        null,
        3,
        3,
        null,
        null,
        null,
        null,
        1,
        null,
        null,
        null,
        1,
        0,
        null,
        null,
        null,
        1,
        null,
        null,
        null,
        null,
        1,
        0,
        0,
        null,
        0,
        0,
        0,
        0,
        null,
        0,
        0,
        null,
        null,
        null,
        null,
        null,
        null,
        1,
        0,
        0,
        0,
        0,
        0,
        null,
        0,
        0,
        null,
        null,
        null,
        null,
        null,
        null,
        1,
        0,
        0,
        0,
        0,
        0,
        null,
        null,
        null,
        1,
        0,
        0,
        0,
        null,
        0,
        null,
        0,
        null,
        null,
        1,
        null,
        null,
        1,
        1,
        null,
        null,
        null,
        1,
        0,
        null,
        null
      ],
      "/Users/akusilvennoinen/Documents/Github_repositories/ratebeer/lib/beermapping_api.rb": [
        1,
        1,
        6,
        10,
        null,
        null,
        1,
        null,
        1,
        4,
        null,
        4,
        4,
        null,
        4,
        null,
        3,
        3,
        5,
        null,
        null,
        null,
        1,
        4,
        4,
        null,
        null
      ],
      "/Users/akusilvennoinen/Documents/Github_repositories/ratebeer/app/models/place.rb": [
        1,
        1,
        null,
        1,
        null,
        1,
        2,
        null,
        null
      ],
      "/Users/akusilvennoinen/Documents/Github_repositories/ratebeer/app/controllers/places_controller.rb": [
        1,
        1,
        1,
        null,
        null,
        1,
        0,
        null,
        null,
        1,
        3,
        3,
        1,
        null,
        2,
        2,
        null,
        null,
        null,
        1,
        null,
        1,
        0,
        null,
        null,
        null
      ],
      "/Users/akusilvennoinen/Documents/Github_repositories/ratebeer/app/controllers/ratings_controller.rb": [
        1,
        1,
        null,
        1,
        2,
        2,
        2,
        2,
        2,
        2,
        null,
        1,
        1,
        1,
        null,
        1,
        1,
        null,
        1,
        0,
        1,
        1,
        1,
        null,
        0,
        0,
        null,
        null,
        1,
        1,
        1,
        1,
        null,
        null
      ]
    },
    "timestamp": 1460285127
  }
}
